[2023-07-27 19:59:05,049] root - INFO - Data Ingestion Started .............
[2023-07-27 19:59:05,057] root - INFO - Read data from MongoDB
[2023-07-27 19:59:05,057] root - INFO - dropping irrelavent columns
[2023-07-27 19:59:05,058] root - INFO - (5110, 9)
[2023-07-27 19:59:05,058] root - INFO - column names writing into schema.yaml file
[2023-07-27 19:59:05,059] root - INFO - written column names into schema.yaml file
[2023-07-27 19:59:05,061] root - INFO - train : (4088, 9) , valid : (511, 9), test_df : (511, 9)
[2023-07-27 19:59:05,061] root - INFO - spliting into train, test and validation is done
[2023-07-27 19:59:05,061] root - INFO - storing data into artifacts
[2023-07-27 19:59:05,075] root - INFO - stored data into artifacs...
[2023-07-27 19:59:05,075] root - INFO - Exiting data ingestion...
[2023-07-27 19:59:05,075] root - INFO - data validation stage started ....
[2023-07-27 19:59:05,075] root - INFO - reading data from data_ingestion_artifacts
[2023-07-27 19:59:05,081] root - INFO - In train_df : 
[2023-07-27 19:59:05,085] root - INFO - Missing columns : []
[2023-07-27 19:59:05,086] root - INFO - In validation_df : 
[2023-07-27 19:59:05,088] root - INFO - Missing columns : []
[2023-07-27 19:59:05,088] root - INFO - In test_df : 
[2023-07-27 19:59:05,090] root - INFO - Missing columns : []
[2023-07-27 19:59:05,094] root - INFO - Exporting data into data_validation_artifacts
[2023-07-27 19:59:05,109] root - INFO - Exiting data_validation stage
[2023-07-27 19:59:05,109] root - INFO - Data Transformation is started ...
[2023-07-27 19:59:05,109] root - INFO - reading data from data_ingestion_artifacts
[2023-07-27 19:59:05,117] root - INFO - Created preprocessor object from ColumnTransformer
[2023-07-27 19:59:05,117] root - INFO - Exited get_transformer method of DataTransformation class
[2023-07-27 19:59:05,117] root - INFO - fNumber of X_train:(3883, 8)
[2023-07-27 19:59:05,117] root - INFO - fNumber of X_test:(481, 8)
[2023-07-27 19:59:05,117] root - INFO - fNumber of X_valid:(486, 8)
[2023-07-27 19:59:05,117] root - INFO - Applying transformer object
[2023-07-27 19:59:05,158] root - INFO - Applying SMOTEENN on Training dataset
[2023-07-27 19:59:05,589] root - INFO - Applied SMOTEENN on training dataset
[2023-07-27 19:59:05,590] root - INFO - Applying SMOTEENN on validation dataset
[2023-07-27 19:59:05,604] root - INFO - Applied SMOTEENN on validation dataset
[2023-07-27 19:59:05,604] root - INFO - Applying SMOTEENN on testing dataset
[2023-07-27 19:59:05,614] root - INFO - Applied SMOTEENN on testing dataset
[2023-07-27 19:59:05,615] root - INFO - saving data array into artifacts
[2023-07-27 19:59:05,618] root - INFO - saving the transformer object
[2023-07-27 19:59:05,624] root - INFO - returning data transformatin artifact
[2023-07-27 19:59:05,625] root - INFO - Model trainer started ...
[2023-07-27 19:59:05,626] root - INFO - splitting train, valid and test data into x_train, x_test and x_valid, y_valid and y_train, y_test ...
[2023-07-27 19:59:05,627] root - INFO - Started model training 
[2023-07-27 19:59:05,627] root - INFO - Training the model 
[2023-07-27 19:59:30,209] root - INFO - model triainedl
[2023-07-27 19:59:30,209] root - INFO - writing report of metrices into model.yaml file
[2023-07-27 19:59:30,681] root - INFO - model accuracy score : 0.8697318007662835
[2023-07-27 19:59:30,694] root - INFO - the report is : {'precision': {'0.0': 0.8685714285714285, '1.0': 0.8706697459584296, 'accuracy': 0.8697318007662835, 'macro avg': 0.8696205872649291, 'weighted avg': 0.8697050023322221}, 'recall': {'0.0': 0.8444444444444444, '1.0': 0.8912529550827423, 'accuracy': 0.8697318007662835, 'macro avg': 0.8678486997635934, 'weighted avg': 0.8697318007662835}, 'f1-score': {'0.0': 0.8563380281690142, '1.0': 0.8808411214953271, 'accuracy': 0.8697318007662835, 'macro avg': 0.8685895748321706, 'weighted avg': 0.8695753314602407}, 'support': {'0.0': 360.0, '1.0': 423.0, 'accuracy': 0.8697318007662835, 'macro avg': 783.0, 'weighted avg': 783.0}}
[2023-07-27 19:59:30,694] root - INFO - plotting graphs
[2023-07-27 19:59:31,594] root - INFO - observing model performance whether is underfitted or overfitted...
[2023-07-27 19:59:31,594] root - INFO - model is good, performing well...
[2023-07-27 19:59:31,594] root - INFO - save the model as a pickle file....
[2023-07-27 19:59:31,682] root - INFO - saving pre_process object
[2023-07-27 19:59:31,683] root - INFO - exiting model trainer
[2023-07-27 19:59:31,683] root - INFO - Model evaluation started ......
[2023-07-27 19:59:31,683] root - INFO - getting latest model path
[2023-07-27 19:59:31,683] root - INFO - finding old model path...
[2023-07-27 19:59:31,683] root - INFO - reading old model...
[2023-07-27 19:59:32,041] root - INFO - reading new model...
[2023-07-27 19:59:33,051] root - INFO - comparing models....
[2023-07-27 19:59:33,054] root - INFO - previous model F1-score: 0.890570267619448
[2023-07-27 19:59:33,680] root - INFO - current model F1-score: 0.8986371379897785
[2023-07-27 19:59:33,680] root - INFO - Exiting model Evaluation stage
[2023-07-27 19:59:33,680] root - INFO - model pusher is started.....
[2023-07-27 19:59:33,680] root - INFO - reading (unpickling) transformer and model
[2023-07-27 19:59:34,004] root - INFO - saving transformer and model file into saved folder...
