[2023-07-13 21:00:47,417] root - INFO - Data Ingestion Started .............
[2023-07-13 21:00:47,423] root - INFO - Read data from MongoDB
[2023-07-13 21:00:47,424] root - INFO - (5110, 11)
[2023-07-13 21:00:47,424] root - INFO - column names writing into schema.yaml file
[2023-07-13 21:00:47,425] root - INFO - written column names into schema.yaml file
[2023-07-13 21:00:47,428] root - INFO - spliting into train, test and validation is done
[2023-07-13 21:00:47,428] root - INFO - storing data into artifacts
[2023-07-13 21:00:47,445] root - INFO - stored data into artifacs...
[2023-07-13 21:00:47,445] root - INFO - Exiting data ingestion...
[2023-07-13 21:00:47,445] root - INFO - data validation stage started ....
[2023-07-13 21:00:47,445] root - INFO - reading data from data_ingestion_artifacts
[2023-07-13 21:00:47,454] root - INFO - In train_df : 
[2023-07-13 21:00:47,459] root - INFO - Missing columns : []
[2023-07-13 21:00:47,459] root - INFO - In validation_df : 
[2023-07-13 21:00:47,461] root - INFO - Missing columns : []
[2023-07-13 21:00:47,461] root - INFO - In test_df : 
[2023-07-13 21:00:47,464] root - INFO - Missing columns : []
[2023-07-13 21:00:47,464] root - INFO - Exporting data into data_validation_artifacts
[2023-07-13 21:00:47,480] root - INFO - Exiting data_validation stage
[2023-07-13 21:00:47,481] root - INFO - Data Transformation is started ...
[2023-07-13 21:00:47,481] root - INFO - reading data from data_ingestion_artifacts
[2023-07-13 21:00:47,491] root - INFO - Created preprocessor object from ColumnTransformer
[2023-07-13 21:00:47,491] root - INFO - Exited get_transformer method of DataTransformation class
[2023-07-13 21:00:47,491] root - INFO - Applying transformer object
[2023-07-13 21:00:47,535] root - INFO - Applying SMOTEENN on Training dataset
[2023-07-13 21:00:47,917] root - INFO - Applied SMOTEENN on training dataset
[2023-07-13 21:00:47,917] root - INFO - Applying SMOTEENN on validation dataset
[2023-07-13 21:00:47,923] root - INFO - Applied SMOTEENN on validation dataset
[2023-07-13 21:00:47,923] root - INFO - Applying SMOTEENN on testing dataset
[2023-07-13 21:00:47,932] root - INFO - Applied SMOTEENN on testing dataset
[2023-07-13 21:00:47,933] root - INFO - saving data array into artifacts
[2023-07-13 21:00:47,935] root - INFO - saving the transformer object
[2023-07-13 21:00:47,942] root - INFO - returning data transformatin artifact
