[2023-07-16 19:02:53,644] root - INFO - Data Ingestion Started .............
[2023-07-16 19:02:53,653] root - INFO - Read data from MongoDB
[2023-07-16 19:02:53,653] root - INFO - dropping irrelavent columns
[2023-07-16 19:02:53,654] root - INFO - (5110, 9)
[2023-07-16 19:02:53,654] root - INFO - column names writing into schema.yaml file
[2023-07-16 19:02:53,655] root - INFO - written column names into schema.yaml file
[2023-07-16 19:02:53,657] root - INFO - train : (4088, 9) , valid : (511, 9), test_df : (511, 9)
[2023-07-16 19:02:53,657] root - INFO - spliting into train, test and validation is done
[2023-07-16 19:02:53,657] root - INFO - storing data into artifacts
[2023-07-16 19:02:53,672] root - INFO - stored data into artifacs...
[2023-07-16 19:02:53,672] root - INFO - Exiting data ingestion...
[2023-07-16 19:02:53,672] root - INFO - data validation stage started ....
[2023-07-16 19:02:53,672] root - INFO - reading data from data_ingestion_artifacts
[2023-07-16 19:02:53,679] root - INFO - In train_df : 
[2023-07-16 19:02:53,683] root - INFO - Missing columns : []
[2023-07-16 19:02:53,684] root - INFO - In validation_df : 
[2023-07-16 19:02:53,686] root - INFO - Missing columns : []
[2023-07-16 19:02:53,686] root - INFO - In test_df : 
[2023-07-16 19:02:53,688] root - INFO - Missing columns : []
[2023-07-16 19:02:53,691] root - INFO - Exporting data into data_validation_artifacts
[2023-07-16 19:02:53,706] root - INFO - Exiting data_validation stage
[2023-07-16 19:02:53,706] root - INFO - Data Transformation is started ...
[2023-07-16 19:02:53,706] root - INFO - reading data from data_ingestion_artifacts
[2023-07-16 19:02:53,715] root - INFO - Created preprocessor object from ColumnTransformer
[2023-07-16 19:02:53,715] root - INFO - Exited get_transformer method of DataTransformation class
[2023-07-16 19:02:53,715] root - INFO - fNumber of X_train:(3883, 8)
[2023-07-16 19:02:53,715] root - INFO - fNumber of X_test:(481, 8)
[2023-07-16 19:02:53,715] root - INFO - fNumber of X_valid:(486, 8)
[2023-07-16 19:02:53,715] root - INFO - Applying transformer object
[2023-07-16 19:02:53,756] root - INFO - Applying SMOTEENN on Training dataset
[2023-07-16 19:02:54,152] root - INFO - Applied SMOTEENN on training dataset
[2023-07-16 19:02:54,152] root - INFO - Applying SMOTEENN on validation dataset
[2023-07-16 19:02:54,158] root - INFO - Applied SMOTEENN on validation dataset
[2023-07-16 19:02:54,159] root - INFO - Applying SMOTEENN on testing dataset
[2023-07-16 19:02:54,168] root - INFO - Applied SMOTEENN on testing dataset
[2023-07-16 19:02:54,168] root - INFO - saving data array into artifacts
[2023-07-16 19:02:54,170] root - INFO - saving the transformer object
[2023-07-16 19:02:54,177] root - INFO - returning data transformatin artifact
[2023-07-16 19:02:54,177] root - INFO - Model trainer started ...
[2023-07-16 19:02:54,178] root - INFO - splitting train, valid and test data into x_train, x_test and x_valid, y_valid and y_train, y_test ...
[2023-07-16 19:02:54,179] root - INFO - Started model training 
[2023-07-16 19:02:54,179] root - INFO - Training the model 
[2023-07-16 19:03:14,852] root - INFO - Writing model summary into model.yaml file
[2023-07-16 19:03:14,857] root - INFO - model triainedl
[2023-07-16 19:03:14,857] root - INFO - writing report of metrices into model.yaml file
[2023-07-16 19:03:18,201] root - INFO - plotting graphs
[2023-07-16 19:03:19,112] root - INFO - observing model performance whether is underfitted or overfitted...
[2023-07-16 19:03:19,112] root - INFO - save the model as a pickle file....
[2023-07-16 19:03:19,196] root - INFO - saving pre_process object
[2023-07-16 19:03:19,197] root - INFO - exiting model trainer
