[2023-07-28 15:07:35,563] root - INFO - Data Ingestion Started .............
[2023-07-28 15:07:35,571] root - INFO - Read data from MongoDB
[2023-07-28 15:07:35,572] root - INFO - dropping irrelavent columns
[2023-07-28 15:07:35,572] root - INFO - (5110, 9)
[2023-07-28 15:07:35,573] root - INFO - column names writing into schema.yaml file
[2023-07-28 15:07:35,573] root - INFO - written column names into schema.yaml file
[2023-07-28 15:07:35,575] root - INFO - train : (4088, 9) , valid : (511, 9), test_df : (511, 9)
[2023-07-28 15:07:35,575] root - INFO - spliting into train, test and validation is done
[2023-07-28 15:07:35,575] root - INFO - storing data into artifacts
[2023-07-28 15:07:35,590] root - INFO - stored data into artifacs...
[2023-07-28 15:07:35,590] root - INFO - Exiting data ingestion...
[2023-07-28 15:07:35,590] root - INFO - data validation stage started ....
[2023-07-28 15:07:35,590] root - INFO - reading data from data_ingestion_artifacts
[2023-07-28 15:07:35,597] root - INFO - In train_df : 
[2023-07-28 15:07:35,601] root - INFO - Missing columns : []
[2023-07-28 15:07:35,602] root - INFO - In validation_df : 
[2023-07-28 15:07:35,603] root - INFO - Missing columns : []
[2023-07-28 15:07:35,604] root - INFO - In test_df : 
[2023-07-28 15:07:35,605] root - INFO - Missing columns : []
[2023-07-28 15:07:35,610] root - INFO - Exporting data into data_validation_artifacts
[2023-07-28 15:07:35,620] root - INFO - Exiting data_validation stage
[2023-07-28 15:07:35,620] root - INFO - Data Transformation is started ...
[2023-07-28 15:07:35,620] root - INFO - reading data from data_ingestion_artifacts
[2023-07-28 15:07:35,627] root - INFO - Created preprocessor object from ColumnTransformer
[2023-07-28 15:07:35,627] root - INFO - Exited get_transformer method of DataTransformation class
[2023-07-28 15:07:35,628] root - INFO - fNumber of X_train:(3883, 8)
[2023-07-28 15:07:35,628] root - INFO - fNumber of X_test:(481, 8)
[2023-07-28 15:07:35,628] root - INFO - fNumber of X_valid:(486, 8)
[2023-07-28 15:07:35,628] root - INFO - Applying transformer object
[2023-07-28 15:07:35,669] root - INFO - Applying SMOTEENN on Training dataset
[2023-07-28 15:07:36,059] root - INFO - Applied SMOTEENN on training dataset
[2023-07-28 15:07:36,059] root - INFO - Applying SMOTEENN on validation dataset
[2023-07-28 15:07:36,066] root - INFO - Applied SMOTEENN on validation dataset
[2023-07-28 15:07:36,066] root - INFO - Applying SMOTEENN on testing dataset
[2023-07-28 15:07:36,073] root - INFO - Applied SMOTEENN on testing dataset
[2023-07-28 15:07:36,074] root - INFO - saving data array into artifacts
[2023-07-28 15:07:36,076] root - INFO - saving the transformer object
[2023-07-28 15:07:36,082] root - INFO - returning data transformatin artifact
[2023-07-28 15:07:36,082] root - INFO - Model trainer started ...
[2023-07-28 15:07:36,084] root - INFO - splitting train, valid and test data into x_train, x_test and x_valid, y_valid and y_train, y_test ...
[2023-07-28 15:07:36,084] root - INFO - Started model training 
[2023-07-28 15:07:36,084] root - INFO - Training the model 
[2023-07-28 15:08:16,909] root - INFO - model triainedl
[2023-07-28 15:08:16,909] root - INFO - writing report of metrices into model.yaml file
[2023-07-28 15:08:17,257] root - INFO - model accuracy score : 0.8569604086845466
[2023-07-28 15:08:17,267] root - INFO - the report is : {'precision': {'0.0': 0.8538681948424068, '1.0': 0.8594470046082949, 'accuracy': 0.8569604086845466, 'macro avg': 0.8566575997253509, 'weighted avg': 0.856889159517677}, 'recall': {'0.0': 0.83008356545961, '1.0': 0.8797169811320755, 'accuracy': 0.8569604086845466, 'macro avg': 0.8549002732958428, 'weighted avg': 0.8569604086845466}, 'f1-score': {'0.0': 0.8418079096045197, '1.0': 0.8694638694638696, 'accuracy': 0.8569604086845466, 'macro avg': 0.8556358895341947, 'weighted avg': 0.8567838061311664}, 'support': {'0.0': 359.0, '1.0': 424.0, 'accuracy': 0.8569604086845466, 'macro avg': 783.0, 'weighted avg': 783.0}}
[2023-07-28 15:08:17,268] root - INFO - plotting graphs
[2023-07-28 15:08:18,083] root - INFO - observing model performance whether is underfitted or overfitted...
[2023-07-28 15:08:18,083] root - INFO - model is good, performing well...
[2023-07-28 15:08:18,084] root - INFO - save the model as a pickle file....
[2023-07-28 15:08:18,205] root - INFO - saving pre_process object
[2023-07-28 15:08:18,205] root - INFO - exiting model trainer
[2023-07-28 15:08:18,205] root - INFO - Model evaluation started ......
[2023-07-28 15:08:18,205] root - INFO - getting latest model path
[2023-07-28 15:08:18,205] root - INFO - finding old model path...
[2023-07-28 15:08:18,206] root - INFO - reading old model...
[2023-07-28 15:08:18,621] root - INFO - reading new model...
[2023-07-28 15:08:19,859] root - INFO - comparing models....
[2023-07-28 15:08:19,863] root - INFO - previous model F1-score: 0.8967543742486977
[2023-07-28 15:08:20,612] root - INFO - current model F1-score: 0.9004073605843518
[2023-07-28 15:08:20,612] root - INFO - Exiting model Evaluation stage
[2023-07-28 15:08:20,613] root - INFO - model pusher is started.....
[2023-07-28 15:08:20,613] root - INFO - reading (unpickling) transformer and model
[2023-07-28 15:08:21,018] root - INFO - saving transformer and model file into saved folder...
