[2023-07-16 19:03:45,812] root - INFO - Data Ingestion Started .............
[2023-07-16 19:03:45,825] root - INFO - Read data from MongoDB
[2023-07-16 19:03:45,825] root - INFO - dropping irrelavent columns
[2023-07-16 19:03:45,826] root - INFO - (5110, 9)
[2023-07-16 19:03:45,827] root - INFO - column names writing into schema.yaml file
[2023-07-16 19:03:45,827] root - INFO - written column names into schema.yaml file
[2023-07-16 19:03:45,829] root - INFO - train : (4088, 9) , valid : (511, 9), test_df : (511, 9)
[2023-07-16 19:03:45,829] root - INFO - spliting into train, test and validation is done
[2023-07-16 19:03:45,829] root - INFO - storing data into artifacts
[2023-07-16 19:03:45,846] root - INFO - stored data into artifacs...
[2023-07-16 19:03:45,846] root - INFO - Exiting data ingestion...
[2023-07-16 19:03:45,846] root - INFO - data validation stage started ....
[2023-07-16 19:03:45,846] root - INFO - reading data from data_ingestion_artifacts
[2023-07-16 19:03:45,855] root - INFO - In train_df : 
[2023-07-16 19:03:45,859] root - INFO - Missing columns : []
[2023-07-16 19:03:45,860] root - INFO - In validation_df : 
[2023-07-16 19:03:45,862] root - INFO - Missing columns : []
[2023-07-16 19:03:45,862] root - INFO - In test_df : 
[2023-07-16 19:03:45,864] root - INFO - Missing columns : []
[2023-07-16 19:03:45,868] root - INFO - Exporting data into data_validation_artifacts
[2023-07-16 19:03:45,885] root - INFO - Exiting data_validation stage
[2023-07-16 19:03:45,886] root - INFO - Data Transformation is started ...
[2023-07-16 19:03:45,886] root - INFO - reading data from data_ingestion_artifacts
[2023-07-16 19:03:45,897] root - INFO - Created preprocessor object from ColumnTransformer
[2023-07-16 19:03:45,898] root - INFO - Exited get_transformer method of DataTransformation class
[2023-07-16 19:03:45,898] root - INFO - fNumber of X_train:(3883, 8)
[2023-07-16 19:03:45,898] root - INFO - fNumber of X_test:(481, 8)
[2023-07-16 19:03:45,898] root - INFO - fNumber of X_valid:(486, 8)
[2023-07-16 19:03:45,898] root - INFO - Applying transformer object
[2023-07-16 19:03:45,942] root - INFO - Applying SMOTEENN on Training dataset
[2023-07-16 19:03:46,459] root - INFO - Applied SMOTEENN on training dataset
[2023-07-16 19:03:46,459] root - INFO - Applying SMOTEENN on validation dataset
[2023-07-16 19:03:46,465] root - INFO - Applied SMOTEENN on validation dataset
[2023-07-16 19:03:46,465] root - INFO - Applying SMOTEENN on testing dataset
[2023-07-16 19:03:46,480] root - INFO - Applied SMOTEENN on testing dataset
[2023-07-16 19:03:46,480] root - INFO - saving data array into artifacts
[2023-07-16 19:03:46,482] root - INFO - saving the transformer object
[2023-07-16 19:03:46,498] root - INFO - returning data transformatin artifact
[2023-07-16 19:03:46,499] root - INFO - Model trainer started ...
[2023-07-16 19:03:46,501] root - INFO - splitting train, valid and test data into x_train, x_test and x_valid, y_valid and y_train, y_test ...
[2023-07-16 19:03:46,502] root - INFO - Started model training 
[2023-07-16 19:03:46,502] root - INFO - Training the model 
[2023-07-16 19:04:11,113] root - INFO - Writing model summary into model.yaml file
[2023-07-16 19:04:11,118] root - INFO - model triainedl
[2023-07-16 19:04:11,118] root - INFO - writing report of metrices into model.yaml file
