[2023-07-27 19:45:26,427] root - INFO - Data Ingestion Started .............
[2023-07-27 19:45:26,435] root - INFO - Read data from MongoDB
[2023-07-27 19:45:26,435] root - INFO - dropping irrelavent columns
[2023-07-27 19:45:26,436] root - INFO - (5110, 9)
[2023-07-27 19:45:26,437] root - INFO - column names writing into schema.yaml file
[2023-07-27 19:45:26,437] root - INFO - written column names into schema.yaml file
[2023-07-27 19:45:26,440] root - INFO - train : (4088, 9) , valid : (511, 9), test_df : (511, 9)
[2023-07-27 19:45:26,440] root - INFO - spliting into train, test and validation is done
[2023-07-27 19:45:26,440] root - INFO - storing data into artifacts
[2023-07-27 19:45:26,456] root - INFO - stored data into artifacs...
[2023-07-27 19:45:26,456] root - INFO - Exiting data ingestion...
[2023-07-27 19:45:26,456] root - INFO - data validation stage started ....
[2023-07-27 19:45:26,456] root - INFO - reading data from data_ingestion_artifacts
[2023-07-27 19:45:26,463] root - INFO - In train_df : 
[2023-07-27 19:45:26,468] root - INFO - Missing columns : []
[2023-07-27 19:45:26,468] root - INFO - In validation_df : 
[2023-07-27 19:45:26,470] root - INFO - Missing columns : []
[2023-07-27 19:45:26,470] root - INFO - In test_df : 
[2023-07-27 19:45:26,472] root - INFO - Missing columns : []
[2023-07-27 19:45:26,477] root - INFO - Exporting data into data_validation_artifacts
[2023-07-27 19:45:26,491] root - INFO - Exiting data_validation stage
[2023-07-27 19:45:26,492] root - INFO - Data Transformation is started ...
[2023-07-27 19:45:26,492] root - INFO - reading data from data_ingestion_artifacts
[2023-07-27 19:45:26,499] root - INFO - Created preprocessor object from ColumnTransformer
[2023-07-27 19:45:26,499] root - INFO - Exited get_transformer method of DataTransformation class
[2023-07-27 19:45:26,499] root - INFO - fNumber of X_train:(3883, 8)
[2023-07-27 19:45:26,499] root - INFO - fNumber of X_test:(481, 8)
[2023-07-27 19:45:26,499] root - INFO - fNumber of X_valid:(486, 8)
[2023-07-27 19:45:26,499] root - INFO - Applying transformer object
[2023-07-27 19:45:26,537] root - INFO - Applying SMOTEENN on Training dataset
[2023-07-27 19:45:26,924] root - INFO - Applied SMOTEENN on training dataset
[2023-07-27 19:45:26,924] root - INFO - Applying SMOTEENN on validation dataset
[2023-07-27 19:45:26,932] root - INFO - Applied SMOTEENN on validation dataset
[2023-07-27 19:45:26,932] root - INFO - Applying SMOTEENN on testing dataset
[2023-07-27 19:45:26,938] root - INFO - Applied SMOTEENN on testing dataset
[2023-07-27 19:45:26,939] root - INFO - saving data array into artifacts
[2023-07-27 19:45:26,941] root - INFO - saving the transformer object
[2023-07-27 19:45:26,948] root - INFO - returning data transformatin artifact
[2023-07-27 19:45:26,948] root - INFO - Model trainer started ...
[2023-07-27 19:45:26,950] root - INFO - splitting train, valid and test data into x_train, x_test and x_valid, y_valid and y_train, y_test ...
[2023-07-27 19:45:26,950] root - INFO - Started model training 
[2023-07-27 19:45:26,951] root - INFO - Training the model 
[2023-07-27 19:45:53,500] root - INFO - model triainedl
[2023-07-27 19:45:53,500] root - INFO - writing report of metrices into model.yaml file
[2023-07-27 19:45:53,795] root - INFO - model accuracy score : 0.8518518518518519
[2023-07-27 19:45:53,807] root - INFO - the report is : {'precision': {'0.0': 0.8860759493670886, '1.0': 0.828693790149893, 'accuracy': 0.8518518518518519, 'macro avg': 0.8573848697584907, 'weighted avg': 0.8550763920888333}, 'recall': {'0.0': 0.7777777777777778, '1.0': 0.9148936170212766, 'accuracy': 0.8518518518518519, 'macro avg': 0.8463356973995272, 'weighted avg': 0.8518518518518519}, 'f1-score': {'0.0': 0.8284023668639053, '1.0': 0.8696629213483147, 'accuracy': 0.8518518518518519, 'macro avg': 0.84903264410611, 'weighted avg': 0.8506925514704253}, 'support': {'0.0': 360.0, '1.0': 423.0, 'accuracy': 0.8518518518518519, 'macro avg': 783.0, 'weighted avg': 783.0}}
[2023-07-27 19:45:53,807] root - INFO - plotting graphs
[2023-07-27 19:45:54,474] root - INFO - observing model performance whether is underfitted or overfitted...
[2023-07-27 19:45:54,474] root - INFO - model is good, performing well...
[2023-07-27 19:45:54,474] root - INFO - save the model as a pickle file....
[2023-07-27 19:45:54,538] root - INFO - saving pre_process object
[2023-07-27 19:45:54,539] root - INFO - exiting model trainer
[2023-07-27 19:45:54,539] root - INFO - Model evaluation started ......
[2023-07-27 19:45:54,539] root - INFO - getting latest model path
[2023-07-27 19:45:54,539] root - INFO - model_evaluation_artifact : ModelEvaluationArtifact(model_accepted=False, improved_accuracy=None)
[2023-07-27 19:45:54,539] root - INFO - finding old model path...
