[2023-07-28 15:09:35,034] root - INFO - Data Ingestion Started .............
[2023-07-28 15:09:35,042] root - INFO - Read data from MongoDB
[2023-07-28 15:09:35,042] root - INFO - dropping irrelavent columns
[2023-07-28 15:09:35,043] root - INFO - (5110, 9)
[2023-07-28 15:09:35,043] root - INFO - column names writing into schema.yaml file
[2023-07-28 15:09:35,043] root - INFO - written column names into schema.yaml file
[2023-07-28 15:09:35,045] root - INFO - train : (4088, 9) , valid : (511, 9), test_df : (511, 9)
[2023-07-28 15:09:35,045] root - INFO - spliting into train, test and validation is done
[2023-07-28 15:09:35,045] root - INFO - storing data into artifacts
[2023-07-28 15:09:35,059] root - INFO - stored data into artifacs...
[2023-07-28 15:09:35,059] root - INFO - Exiting data ingestion...
[2023-07-28 15:09:35,059] root - INFO - data validation stage started ....
[2023-07-28 15:09:35,059] root - INFO - reading data from data_ingestion_artifacts
[2023-07-28 15:09:35,065] root - INFO - In train_df : 
[2023-07-28 15:09:35,069] root - INFO - Missing columns : []
[2023-07-28 15:09:35,069] root - INFO - In validation_df : 
[2023-07-28 15:09:35,071] root - INFO - Missing columns : []
[2023-07-28 15:09:35,071] root - INFO - In test_df : 
[2023-07-28 15:09:35,073] root - INFO - Missing columns : []
[2023-07-28 15:09:35,077] root - INFO - Exporting data into data_validation_artifacts
[2023-07-28 15:09:35,086] root - INFO - Exiting data_validation stage
[2023-07-28 15:09:35,086] root - INFO - Data Transformation is started ...
[2023-07-28 15:09:35,086] root - INFO - reading data from data_ingestion_artifacts
[2023-07-28 15:09:35,093] root - INFO - Created preprocessor object from ColumnTransformer
[2023-07-28 15:09:35,093] root - INFO - Exited get_transformer method of DataTransformation class
[2023-07-28 15:09:35,093] root - INFO - fNumber of X_train:(3883, 8)
[2023-07-28 15:09:35,093] root - INFO - fNumber of X_test:(481, 8)
[2023-07-28 15:09:35,093] root - INFO - fNumber of X_valid:(486, 8)
[2023-07-28 15:09:35,093] root - INFO - Applying transformer object
[2023-07-28 15:09:35,127] root - INFO - Applying SMOTEENN on Training dataset
[2023-07-28 15:09:35,510] root - INFO - Applied SMOTEENN on training dataset
[2023-07-28 15:09:35,511] root - INFO - Applying SMOTEENN on validation dataset
[2023-07-28 15:09:35,517] root - INFO - Applied SMOTEENN on validation dataset
[2023-07-28 15:09:35,517] root - INFO - Applying SMOTEENN on testing dataset
[2023-07-28 15:09:35,523] root - INFO - Applied SMOTEENN on testing dataset
[2023-07-28 15:09:35,523] root - INFO - saving data array into artifacts
[2023-07-28 15:09:35,525] root - INFO - saving the transformer object
[2023-07-28 15:09:35,530] root - INFO - returning data transformatin artifact
[2023-07-28 15:09:35,531] root - INFO - Model trainer started ...
[2023-07-28 15:09:35,532] root - INFO - splitting train, valid and test data into x_train, x_test and x_valid, y_valid and y_train, y_test ...
[2023-07-28 15:09:35,532] root - INFO - Started model training 
[2023-07-28 15:09:35,532] root - INFO - Training the model 
[2023-07-28 15:10:02,108] root - INFO - model triainedl
[2023-07-28 15:10:02,108] root - INFO - writing report of metrices into model.yaml file
[2023-07-28 15:10:19,414] root - INFO - model accuracy score : 0.8492975734355045
[2023-07-28 15:10:19,425] root - INFO - the report is : {'precision': {'0.0': 0.8247978436657682, '1.0': 0.8713592233009708, 'accuracy': 0.8492975734355045, 'macro avg': 0.8480785334833696, 'weighted avg': 0.8500111577977298}, 'recall': {'0.0': 0.8523676880222841, '1.0': 0.8466981132075472, 'accuracy': 0.8492975734355045, 'macro avg': 0.8495329006149157, 'weighted avg': 0.8492975734355045}, 'f1-score': {'0.0': 0.8383561643835618, '1.0': 0.8588516746411483, 'accuracy': 0.8492975734355045, 'macro avg': 0.848603919512355, 'weighted avg': 0.8494546271539534}, 'support': {'0.0': 359.0, '1.0': 424.0, 'accuracy': 0.8492975734355045, 'macro avg': 783.0, 'weighted avg': 783.0}}
[2023-07-28 15:10:19,425] root - INFO - plotting graphs
[2023-07-28 15:10:20,028] root - INFO - observing model performance whether is underfitted or overfitted...
[2023-07-28 15:10:20,028] root - INFO - model is good, performing well...
[2023-07-28 15:10:20,028] root - INFO - save the model as a pickle file....
[2023-07-28 15:10:20,105] root - INFO - saving pre_process object
[2023-07-28 15:10:20,106] root - INFO - exiting model trainer
[2023-07-28 15:10:20,106] root - INFO - Model evaluation started ......
[2023-07-28 15:10:20,106] root - INFO - getting latest model path
[2023-07-28 15:10:20,106] root - INFO - finding old model path...
[2023-07-28 15:10:20,106] root - INFO - reading old model...
[2023-07-28 15:10:20,419] root - INFO - reading new model...
[2023-07-28 15:10:21,460] root - INFO - comparing models....
[2023-07-28 15:10:21,466] root - INFO - previous model F1-score: 0.888731596828992
[2023-07-28 15:10:22,097] root - INFO - current model F1-score: 0.9035987859517272
[2023-07-28 15:10:22,097] root - INFO - Exiting model Evaluation stage
[2023-07-28 15:10:22,098] root - INFO - model pusher is started.....
[2023-07-28 15:10:22,098] root - INFO - reading (unpickling) transformer and model
[2023-07-28 15:10:22,451] root - INFO - saving transformer and model file into saved folder...
