[2023-07-16 19:02:05,016] root - INFO - Data Ingestion Started .............
[2023-07-16 19:02:05,023] root - INFO - Read data from MongoDB
[2023-07-16 19:02:05,023] root - INFO - dropping irrelavent columns
[2023-07-16 19:02:05,024] root - INFO - (5110, 9)
[2023-07-16 19:02:05,024] root - INFO - column names writing into schema.yaml file
[2023-07-16 19:02:05,025] root - INFO - written column names into schema.yaml file
[2023-07-16 19:02:05,027] root - INFO - train : (4088, 9) , valid : (511, 9), test_df : (511, 9)
[2023-07-16 19:02:05,027] root - INFO - spliting into train, test and validation is done
[2023-07-16 19:02:05,027] root - INFO - storing data into artifacts
[2023-07-16 19:02:05,043] root - INFO - stored data into artifacs...
[2023-07-16 19:02:05,043] root - INFO - Exiting data ingestion...
[2023-07-16 19:02:05,043] root - INFO - data validation stage started ....
[2023-07-16 19:02:05,043] root - INFO - reading data from data_ingestion_artifacts
[2023-07-16 19:02:05,049] root - INFO - In train_df : 
[2023-07-16 19:02:05,052] root - INFO - Missing columns : []
[2023-07-16 19:02:05,053] root - INFO - In validation_df : 
[2023-07-16 19:02:05,054] root - INFO - Missing columns : []
[2023-07-16 19:02:05,055] root - INFO - In test_df : 
[2023-07-16 19:02:05,056] root - INFO - Missing columns : []
[2023-07-16 19:02:05,060] root - INFO - Exporting data into data_validation_artifacts
[2023-07-16 19:02:05,072] root - INFO - Exiting data_validation stage
[2023-07-16 19:02:05,072] root - INFO - Data Transformation is started ...
[2023-07-16 19:02:05,072] root - INFO - reading data from data_ingestion_artifacts
[2023-07-16 19:02:05,080] root - INFO - Created preprocessor object from ColumnTransformer
[2023-07-16 19:02:05,080] root - INFO - Exited get_transformer method of DataTransformation class
[2023-07-16 19:02:05,080] root - INFO - fNumber of X_train:(3883, 8)
[2023-07-16 19:02:05,080] root - INFO - fNumber of X_test:(481, 8)
[2023-07-16 19:02:05,080] root - INFO - fNumber of X_valid:(486, 8)
[2023-07-16 19:02:05,080] root - INFO - Applying transformer object
[2023-07-16 19:02:05,116] root - INFO - Applying SMOTEENN on Training dataset
[2023-07-16 19:02:05,491] root - INFO - Applied SMOTEENN on training dataset
[2023-07-16 19:02:05,491] root - INFO - Applying SMOTEENN on validation dataset
[2023-07-16 19:02:05,499] root - INFO - Applied SMOTEENN on validation dataset
[2023-07-16 19:02:05,499] root - INFO - Applying SMOTEENN on testing dataset
[2023-07-16 19:02:05,505] root - INFO - Applied SMOTEENN on testing dataset
[2023-07-16 19:02:05,506] root - INFO - saving data array into artifacts
[2023-07-16 19:02:05,507] root - INFO - saving the transformer object
[2023-07-16 19:02:05,512] root - INFO - returning data transformatin artifact
[2023-07-16 19:02:05,513] root - INFO - Model trainer started ...
[2023-07-16 19:02:05,514] root - INFO - splitting train, valid and test data into x_train, x_test and x_valid, y_valid and y_train, y_test ...
[2023-07-16 19:02:05,514] root - INFO - Started model training 
[2023-07-16 19:02:05,514] root - INFO - Training the model 
[2023-07-16 19:02:39,168] root - INFO - Writing model summary into model.yaml file
[2023-07-16 19:02:39,173] root - INFO - model triainedl
[2023-07-16 19:02:39,173] root - INFO - writing report of metrices into model.yaml file
[2023-07-16 19:02:39,611] root - INFO - plotting graphs
[2023-07-16 19:02:40,305] root - INFO - observing model performance whether is underfitted or overfitted...
[2023-07-16 19:02:40,305] root - INFO - save the model as a pickle file....
[2023-07-16 19:02:40,389] root - INFO - saving pre_process object
[2023-07-16 19:02:40,390] root - INFO - exiting model trainer
