[2023-07-27 20:25:25,182] root - INFO - Data Ingestion Started .............
[2023-07-27 20:25:25,197] root - INFO - Read data from MongoDB
[2023-07-27 20:25:25,197] root - INFO - dropping irrelavent columns
[2023-07-27 20:25:25,199] root - INFO - (5110, 9)
[2023-07-27 20:25:25,199] root - INFO - column names writing into schema.yaml file
[2023-07-27 20:25:25,200] root - INFO - written column names into schema.yaml file
[2023-07-27 20:25:25,203] root - INFO - train : (4088, 9) , valid : (511, 9), test_df : (511, 9)
[2023-07-27 20:25:25,203] root - INFO - spliting into train, test and validation is done
[2023-07-27 20:25:25,203] root - INFO - storing data into artifacts
[2023-07-27 20:25:25,230] root - INFO - stored data into artifacs...
[2023-07-27 20:25:25,230] root - INFO - Exiting data ingestion...
[2023-07-27 20:25:25,231] root - INFO - data validation stage started ....
[2023-07-27 20:25:25,231] root - INFO - reading data from data_ingestion_artifacts
[2023-07-27 20:25:25,241] root - INFO - In train_df : 
[2023-07-27 20:25:25,248] root - INFO - Missing columns : []
[2023-07-27 20:25:25,249] root - INFO - In validation_df : 
[2023-07-27 20:25:25,252] root - INFO - Missing columns : []
[2023-07-27 20:25:25,252] root - INFO - In test_df : 
[2023-07-27 20:25:25,255] root - INFO - Missing columns : []
[2023-07-27 20:25:25,266] root - INFO - Exporting data into data_validation_artifacts
[2023-07-27 20:25:25,284] root - INFO - Exiting data_validation stage
[2023-07-27 20:25:25,284] root - INFO - Data Transformation is started ...
[2023-07-27 20:25:25,284] root - INFO - reading data from data_ingestion_artifacts
[2023-07-27 20:25:25,298] root - INFO - Created preprocessor object from ColumnTransformer
[2023-07-27 20:25:25,298] root - INFO - Exited get_transformer method of DataTransformation class
[2023-07-27 20:25:25,298] root - INFO - fNumber of X_train:(3883, 8)
[2023-07-27 20:25:25,298] root - INFO - fNumber of X_test:(481, 8)
[2023-07-27 20:25:25,298] root - INFO - fNumber of X_valid:(486, 8)
[2023-07-27 20:25:25,298] root - INFO - Applying transformer object
[2023-07-27 20:25:25,370] root - INFO - Applying SMOTEENN on Training dataset
[2023-07-27 20:25:26,403] root - INFO - Applied SMOTEENN on training dataset
[2023-07-27 20:25:26,403] root - INFO - Applying SMOTEENN on validation dataset
[2023-07-27 20:25:26,415] root - INFO - Applied SMOTEENN on validation dataset
[2023-07-27 20:25:26,416] root - INFO - Applying SMOTEENN on testing dataset
[2023-07-27 20:25:26,428] root - INFO - Applied SMOTEENN on testing dataset
[2023-07-27 20:25:26,429] root - INFO - saving data array into artifacts
[2023-07-27 20:25:26,433] root - INFO - saving the transformer object
[2023-07-27 20:25:26,444] root - INFO - returning data transformatin artifact
[2023-07-27 20:25:26,446] root - INFO - Model trainer started ...
[2023-07-27 20:25:26,449] root - INFO - splitting train, valid and test data into x_train, x_test and x_valid, y_valid and y_train, y_test ...
[2023-07-27 20:25:26,449] root - INFO - Started model training 
[2023-07-27 20:25:26,449] root - INFO - Training the model 
[2023-07-27 20:26:17,895] root - INFO - model triainedl
[2023-07-27 20:26:17,896] root - INFO - writing report of metrices into model.yaml file
[2023-07-27 20:26:54,844] root - INFO - model accuracy score : 0.8531289910600255
[2023-07-27 20:26:54,875] root - INFO - the report is : {'precision': {'0.0': 0.8588235294117647, '1.0': 0.8487584650112867, 'accuracy': 0.8531289910600255, 'macro avg': 0.8537909972115256, 'weighted avg': 0.8533732263392199}, 'recall': {'0.0': 0.8133704735376045, '1.0': 0.8867924528301887, 'accuracy': 0.8531289910600255, 'macro avg': 0.8500814631838967, 'weighted avg': 0.8531289910600255}, 'f1-score': {'0.0': 0.8354792560801144, '1.0': 0.8673587081891581, 'accuracy': 0.8531289910600255, 'macro avg': 0.8514189821346363, 'weighted avg': 0.8527422033269018}, 'support': {'0.0': 359.0, '1.0': 424.0, 'accuracy': 0.8531289910600255, 'macro avg': 783.0, 'weighted avg': 783.0}}
[2023-07-27 20:26:54,875] root - INFO - plotting graphs
[2023-07-27 20:26:56,103] root - INFO - observing model performance whether is underfitted or overfitted...
[2023-07-27 20:26:56,104] root - INFO - model is good, performing well...
[2023-07-27 20:26:56,104] root - INFO - save the model as a pickle file....
[2023-07-27 20:26:56,245] root - INFO - saving pre_process object
[2023-07-27 20:26:56,246] root - INFO - exiting model trainer
[2023-07-27 20:26:56,246] root - INFO - Model evaluation started ......
[2023-07-27 20:26:56,246] root - INFO - getting latest model path
[2023-07-27 20:26:56,246] root - INFO - finding old model path...
[2023-07-27 20:26:56,246] root - INFO - reading old model...
[2023-07-27 20:26:56,776] root - INFO - reading new model...
[2023-07-27 20:26:58,439] root - INFO - comparing models....
[2023-07-27 20:26:58,445] root - INFO - previous model F1-score: 0.8977385862608448
[2023-07-27 20:26:59,589] root - INFO - current model F1-score: 0.9048554588829637
[2023-07-27 20:26:59,589] root - INFO - Exiting model Evaluation stage
[2023-07-27 20:26:59,589] root - INFO - model pusher is started.....
[2023-07-27 20:26:59,589] root - INFO - reading (unpickling) transformer and model
[2023-07-27 20:27:00,191] root - INFO - saving transformer and model file into saved folder...
